CRITICAL - 2024-04-24 05:42:05 --> ErrorException: Undefined variable $cuenta
[Method: GET, Route: inicio]
in APPPATH\Views\Mostrar_view.php on line 18.
 1 APPPATH\Views\Mostrar_view.php(18): CodeIgniter\Debug\Exceptions->errorHandler(2, 'Undefined variable $cuenta', 'C:\\xampp\\htdocs\\Examen324\\Ejercicio5-7\\app\\Views\\Mostrar_view.php', 18)
 2 SYSTEMPATH\View\View.php(234): include('C:\\xampp\\htdocs\\Examen324\\Ejercicio5-7\\app\\Views\\Mostrar_view.php')
 3 SYSTEMPATH\View\View.php(237): CodeIgniter\View\View->CodeIgniter\View\{closure}()
 4 SYSTEMPATH\Common.php(1171): CodeIgniter\View\View->render('Mostrar_view', [], true)
 5 APPPATH\Controllers\MostrarController.php(15): view('Mostrar_view', [...])
 6 SYSTEMPATH\CodeIgniter.php(933): App\Controllers\MostrarController->index()
 7 SYSTEMPATH\CodeIgniter.php(509): CodeIgniter\CodeIgniter->runController(Object(App\Controllers\MostrarController))
 8 SYSTEMPATH\CodeIgniter.php(355): CodeIgniter\CodeIgniter->handleRequest(null, Object(Config\Cache), false)
 9 SYSTEMPATH\Boot.php(312): CodeIgniter\CodeIgniter->run()
10 SYSTEMPATH\Boot.php(67): CodeIgniter\Boot::runCodeIgniter(Object(CodeIgniter\CodeIgniter))
11 FCPATH\index.php(56): CodeIgniter\Boot::bootWeb(Object(Config\Paths))
CRITICAL - 2024-04-24 05:42:26 --> ErrorException: Undefined variable $cuentas
[Method: GET, Route: inicio]
in APPPATH\Views\Mostrar_view.php on line 18.
 1 APPPATH\Views\Mostrar_view.php(18): CodeIgniter\Debug\Exceptions->errorHandler(2, 'Undefined variable $cuentas', 'C:\\xampp\\htdocs\\Examen324\\Ejercicio5-7\\app\\Views\\Mostrar_view.php', 18)
 2 SYSTEMPATH\View\View.php(234): include('C:\\xampp\\htdocs\\Examen324\\Ejercicio5-7\\app\\Views\\Mostrar_view.php')
 3 SYSTEMPATH\View\View.php(237): CodeIgniter\View\View->CodeIgniter\View\{closure}()
 4 SYSTEMPATH\Common.php(1171): CodeIgniter\View\View->render('Mostrar_view', [], true)
 5 APPPATH\Controllers\MostrarController.php(15): view('Mostrar_view', [...])
 6 SYSTEMPATH\CodeIgniter.php(933): App\Controllers\MostrarController->index()
 7 SYSTEMPATH\CodeIgniter.php(509): CodeIgniter\CodeIgniter->runController(Object(App\Controllers\MostrarController))
 8 SYSTEMPATH\CodeIgniter.php(355): CodeIgniter\CodeIgniter->handleRequest(null, Object(Config\Cache), false)
 9 SYSTEMPATH\Boot.php(312): CodeIgniter\CodeIgniter->run()
10 SYSTEMPATH\Boot.php(67): CodeIgniter\Boot::runCodeIgniter(Object(CodeIgniter\CodeIgniter))
11 FCPATH\index.php(56): CodeIgniter\Boot::bootWeb(Object(Config\Paths))
