ERROR - 2024-04-25 01:31:27 --> mysqli_sql_exception: Unknown column 'saldo' in 'field list' in C:\xampp\htdocs\Examen324\Ejercicio5-7\system\Database\MySQLi\Connection.php:308
Stack trace:
#0 C:\xampp\htdocs\Examen324\Ejercicio5-7\system\Database\MySQLi\Connection.php(308): mysqli->query('\r\n        SELEC...', 0)
#1 C:\xampp\htdocs\Examen324\Ejercicio5-7\system\Database\BaseConnection.php(722): CodeIgniter\Database\MySQLi\Connection->execute('\r\n        SELEC...')
#2 C:\xampp\htdocs\Examen324\Ejercicio5-7\system\Database\BaseConnection.php(636): CodeIgniter\Database\BaseConnection->simpleQuery('\r\n        SELEC...')
#3 C:\xampp\htdocs\Examen324\Ejercicio5-7\system\Model.php(915): CodeIgniter\Database\BaseConnection->query('\r\n        SELEC...')
#4 C:\xampp\htdocs\Examen324\Ejercicio5-7\app\Controllers\DirectorController.php(20): CodeIgniter\Model->__call('query', Array)
#5 C:\xampp\htdocs\Examen324\Ejercicio5-7\system\CodeIgniter.php(933): App\Controllers\DirectorController->index()
#6 C:\xampp\htdocs\Examen324\Ejercicio5-7\system\CodeIgniter.php(509): CodeIgniter\CodeIgniter->runController(Object(App\Controllers\DirectorController))
#7 C:\xampp\htdocs\Examen324\Ejercicio5-7\system\CodeIgniter.php(355): CodeIgniter\CodeIgniter->handleRequest(NULL, Object(Config\Cache), false)
#8 C:\xampp\htdocs\Examen324\Ejercicio5-7\system\Boot.php(312): CodeIgniter\CodeIgniter->run()
#9 C:\xampp\htdocs\Examen324\Ejercicio5-7\system\Boot.php(67): CodeIgniter\Boot::runCodeIgniter(Object(CodeIgniter\CodeIgniter))
#10 C:\xampp\htdocs\Examen324\Ejercicio5-7\public\index.php(56): CodeIgniter\Boot::bootWeb(Object(Config\Paths))
#11 {main}
CRITICAL - 2024-04-25 01:31:27 --> CodeIgniter\Database\Exceptions\DatabaseException: Unknown column 'saldo' in 'field list'
[Method: GET, Route: director]
in SYSTEMPATH\Database\BaseConnection.php on line 676.
 1 SYSTEMPATH\Model.php(915): CodeIgniter\Database\BaseConnection->query('
        SELECT 
      sum(CASE when departamento= \'Potosi\' then saldo else 0 end)as Potosi,
      sum(CASE when departamento= \'La Paz\' then saldo else 0 end)as La_Paz,
      sum(CASE when departamento= \'Cochabamba\' then saldo else 0 end)as Cochabamba,
      sum(CASE when departamento= \'Oruro\' then saldo else 0 end)as Oruro,
      sum(CASE when departamento= \'Beni\' then saldo else 0 end)as Beni,
      sum(CASE when departamento= \'Tarija\' then saldo else 0 end)as Tarija,
      sum(CASE when departamento= \'Chuquisaca\' then saldo else 0 end)as Chuquisaca,
      sum(CASE when departamento= \'Santa Cruz\' then saldo else 0 end)as Santa_Cruz,
      sum(CASE when departamento= \'Pando\' then saldo else 0 end)as Pando
          
      FROM persona JOIN cuenta on personas.carnet = cuenta.carnet
        ')
 2 APPPATH\Controllers\DirectorController.php(20): CodeIgniter\Model->__call('query', [...])
 3 SYSTEMPATH\CodeIgniter.php(933): App\Controllers\DirectorController->index()
 4 SYSTEMPATH\CodeIgniter.php(509): CodeIgniter\CodeIgniter->runController(Object(App\Controllers\DirectorController))
 5 SYSTEMPATH\CodeIgniter.php(355): CodeIgniter\CodeIgniter->handleRequest(null, Object(Config\Cache), false)
 6 SYSTEMPATH\Boot.php(312): CodeIgniter\CodeIgniter->run()
 7 SYSTEMPATH\Boot.php(67): CodeIgniter\Boot::runCodeIgniter(Object(CodeIgniter\CodeIgniter))
 8 FCPATH\index.php(56): CodeIgniter\Boot::bootWeb(Object(Config\Paths))
CRITICAL - 2024-04-25 01:31:27 --> [Caused by] CodeIgniter\Database\Exceptions\DatabaseException: Unknown column 'saldo' in 'field list'
in SYSTEMPATH\Database\MySQLi\Connection.php on line 313.
 1 SYSTEMPATH\Database\BaseConnection.php(722): CodeIgniter\Database\MySQLi\Connection->execute('
        SELECT 
      sum(CASE when departamento= \'Potosi\' then saldo else 0 end)as Potosi,
      sum(CASE when departamento= \'La Paz\' then saldo else 0 end)as La_Paz,
      sum(CASE when departamento= \'Cochabamba\' then saldo else 0 end)as Cochabamba,
      sum(CASE when departamento= \'Oruro\' then saldo else 0 end)as Oruro,
      sum(CASE when departamento= \'Beni\' then saldo else 0 end)as Beni,
      sum(CASE when departamento= \'Tarija\' then saldo else 0 end)as Tarija,
      sum(CASE when departamento= \'Chuquisaca\' then saldo else 0 end)as Chuquisaca,
      sum(CASE when departamento= \'Santa Cruz\' then saldo else 0 end)as Santa_Cruz,
      sum(CASE when departamento= \'Pando\' then saldo else 0 end)as Pando
          
      FROM persona JOIN cuenta on personas.carnet = cuenta.carnet
        ')
 2 SYSTEMPATH\Database\BaseConnection.php(636): CodeIgniter\Database\BaseConnection->simpleQuery('
        SELECT 
      sum(CASE when departamento= \'Potosi\' then saldo else 0 end)as Potosi,
      sum(CASE when departamento= \'La Paz\' then saldo else 0 end)as La_Paz,
      sum(CASE when departamento= \'Cochabamba\' then saldo else 0 end)as Cochabamba,
      sum(CASE when departamento= \'Oruro\' then saldo else 0 end)as Oruro,
      sum(CASE when departamento= \'Beni\' then saldo else 0 end)as Beni,
      sum(CASE when departamento= \'Tarija\' then saldo else 0 end)as Tarija,
      sum(CASE when departamento= \'Chuquisaca\' then saldo else 0 end)as Chuquisaca,
      sum(CASE when departamento= \'Santa Cruz\' then saldo else 0 end)as Santa_Cruz,
      sum(CASE when departamento= \'Pando\' then saldo else 0 end)as Pando
          
      FROM persona JOIN cuenta on personas.carnet = cuenta.carnet
        ')
 3 SYSTEMPATH\Model.php(915): CodeIgniter\Database\BaseConnection->query('
        SELECT 
      sum(CASE when departamento= \'Potosi\' then saldo else 0 end)as Potosi,
      sum(CASE when departamento= \'La Paz\' then saldo else 0 end)as La_Paz,
      sum(CASE when departamento= \'Cochabamba\' then saldo else 0 end)as Cochabamba,
      sum(CASE when departamento= \'Oruro\' then saldo else 0 end)as Oruro,
      sum(CASE when departamento= \'Beni\' then saldo else 0 end)as Beni,
      sum(CASE when departamento= \'Tarija\' then saldo else 0 end)as Tarija,
      sum(CASE when departamento= \'Chuquisaca\' then saldo else 0 end)as Chuquisaca,
      sum(CASE when departamento= \'Santa Cruz\' then saldo else 0 end)as Santa_Cruz,
      sum(CASE when departamento= \'Pando\' then saldo else 0 end)as Pando
          
      FROM persona JOIN cuenta on personas.carnet = cuenta.carnet
        ')
 4 APPPATH\Controllers\DirectorController.php(20): CodeIgniter\Model->__call('query', [...])
 5 SYSTEMPATH\CodeIgniter.php(933): App\Controllers\DirectorController->index()
 6 SYSTEMPATH\CodeIgniter.php(509): CodeIgniter\CodeIgniter->runController(Object(App\Controllers\DirectorController))
 7 SYSTEMPATH\CodeIgniter.php(355): CodeIgniter\CodeIgniter->handleRequest(null, Object(Config\Cache), false)
 8 SYSTEMPATH\Boot.php(312): CodeIgniter\CodeIgniter->run()
 9 SYSTEMPATH\Boot.php(67): CodeIgniter\Boot::runCodeIgniter(Object(CodeIgniter\CodeIgniter))
10 FCPATH\index.php(56): CodeIgniter\Boot::bootWeb(Object(Config\Paths))
CRITICAL - 2024-04-25 01:31:27 --> [Caused by] mysqli_sql_exception: Unknown column 'saldo' in 'field list'
in SYSTEMPATH\Database\MySQLi\Connection.php on line 308.
 1 SYSTEMPATH\Database\MySQLi\Connection.php(308): mysqli->query('
        SELECT 
      sum(CASE when departamento= \'Potosi\' then saldo else 0 end)as Potosi,
      sum(CASE when departamento= \'La Paz\' then saldo else 0 end)as La_Paz,
      sum(CASE when departamento= \'Cochabamba\' then saldo else 0 end)as Cochabamba,
      sum(CASE when departamento= \'Oruro\' then saldo else 0 end)as Oruro,
      sum(CASE when departamento= \'Beni\' then saldo else 0 end)as Beni,
      sum(CASE when departamento= \'Tarija\' then saldo else 0 end)as Tarija,
      sum(CASE when departamento= \'Chuquisaca\' then saldo else 0 end)as Chuquisaca,
      sum(CASE when departamento= \'Santa Cruz\' then saldo else 0 end)as Santa_Cruz,
      sum(CASE when departamento= \'Pando\' then saldo else 0 end)as Pando
          
      FROM persona JOIN cuenta on personas.carnet = cuenta.carnet
        ', 0)
 2 SYSTEMPATH\Database\BaseConnection.php(722): CodeIgniter\Database\MySQLi\Connection->execute('
        SELECT 
      sum(CASE when departamento= \'Potosi\' then saldo else 0 end)as Potosi,
      sum(CASE when departamento= \'La Paz\' then saldo else 0 end)as La_Paz,
      sum(CASE when departamento= \'Cochabamba\' then saldo else 0 end)as Cochabamba,
      sum(CASE when departamento= \'Oruro\' then saldo else 0 end)as Oruro,
      sum(CASE when departamento= \'Beni\' then saldo else 0 end)as Beni,
      sum(CASE when departamento= \'Tarija\' then saldo else 0 end)as Tarija,
      sum(CASE when departamento= \'Chuquisaca\' then saldo else 0 end)as Chuquisaca,
      sum(CASE when departamento= \'Santa Cruz\' then saldo else 0 end)as Santa_Cruz,
      sum(CASE when departamento= \'Pando\' then saldo else 0 end)as Pando
          
      FROM persona JOIN cuenta on personas.carnet = cuenta.carnet
        ')
 3 SYSTEMPATH\Database\BaseConnection.php(636): CodeIgniter\Database\BaseConnection->simpleQuery('
        SELECT 
      sum(CASE when departamento= \'Potosi\' then saldo else 0 end)as Potosi,
      sum(CASE when departamento= \'La Paz\' then saldo else 0 end)as La_Paz,
      sum(CASE when departamento= \'Cochabamba\' then saldo else 0 end)as Cochabamba,
      sum(CASE when departamento= \'Oruro\' then saldo else 0 end)as Oruro,
      sum(CASE when departamento= \'Beni\' then saldo else 0 end)as Beni,
      sum(CASE when departamento= \'Tarija\' then saldo else 0 end)as Tarija,
      sum(CASE when departamento= \'Chuquisaca\' then saldo else 0 end)as Chuquisaca,
      sum(CASE when departamento= \'Santa Cruz\' then saldo else 0 end)as Santa_Cruz,
      sum(CASE when departamento= \'Pando\' then saldo else 0 end)as Pando
          
      FROM persona JOIN cuenta on personas.carnet = cuenta.carnet
        ')
 4 SYSTEMPATH\Model.php(915): CodeIgniter\Database\BaseConnection->query('
        SELECT 
      sum(CASE when departamento= \'Potosi\' then saldo else 0 end)as Potosi,
      sum(CASE when departamento= \'La Paz\' then saldo else 0 end)as La_Paz,
      sum(CASE when departamento= \'Cochabamba\' then saldo else 0 end)as Cochabamba,
      sum(CASE when departamento= \'Oruro\' then saldo else 0 end)as Oruro,
      sum(CASE when departamento= \'Beni\' then saldo else 0 end)as Beni,
      sum(CASE when departamento= \'Tarija\' then saldo else 0 end)as Tarija,
      sum(CASE when departamento= \'Chuquisaca\' then saldo else 0 end)as Chuquisaca,
      sum(CASE when departamento= \'Santa Cruz\' then saldo else 0 end)as Santa_Cruz,
      sum(CASE when departamento= \'Pando\' then saldo else 0 end)as Pando
          
      FROM persona JOIN cuenta on personas.carnet = cuenta.carnet
        ')
 5 APPPATH\Controllers\DirectorController.php(20): CodeIgniter\Model->__call('query', [...])
 6 SYSTEMPATH\CodeIgniter.php(933): App\Controllers\DirectorController->index()
 7 SYSTEMPATH\CodeIgniter.php(509): CodeIgniter\CodeIgniter->runController(Object(App\Controllers\DirectorController))
 8 SYSTEMPATH\CodeIgniter.php(355): CodeIgniter\CodeIgniter->handleRequest(null, Object(Config\Cache), false)
 9 SYSTEMPATH\Boot.php(312): CodeIgniter\CodeIgniter->run()
10 SYSTEMPATH\Boot.php(67): CodeIgniter\Boot::runCodeIgniter(Object(CodeIgniter\CodeIgniter))
11 FCPATH\index.php(56): CodeIgniter\Boot::bootWeb(Object(Config\Paths))
ERROR - 2024-04-25 01:33:57 --> mysqli_sql_exception: Unknown column 'saldo' in 'field list' in C:\xampp\htdocs\Examen324\Ejercicio5-7\system\Database\MySQLi\Connection.php:308
Stack trace:
#0 C:\xampp\htdocs\Examen324\Ejercicio5-7\system\Database\MySQLi\Connection.php(308): mysqli->query('\r\n        SELEC...', 0)
#1 C:\xampp\htdocs\Examen324\Ejercicio5-7\system\Database\BaseConnection.php(722): CodeIgniter\Database\MySQLi\Connection->execute('\r\n        SELEC...')
#2 C:\xampp\htdocs\Examen324\Ejercicio5-7\system\Database\BaseConnection.php(636): CodeIgniter\Database\BaseConnection->simpleQuery('\r\n        SELEC...')
#3 C:\xampp\htdocs\Examen324\Ejercicio5-7\system\Model.php(915): CodeIgniter\Database\BaseConnection->query('\r\n        SELEC...')
#4 C:\xampp\htdocs\Examen324\Ejercicio5-7\app\Controllers\DirectorController.php(20): CodeIgniter\Model->__call('query', Array)
#5 C:\xampp\htdocs\Examen324\Ejercicio5-7\system\CodeIgniter.php(933): App\Controllers\DirectorController->index()
#6 C:\xampp\htdocs\Examen324\Ejercicio5-7\system\CodeIgniter.php(509): CodeIgniter\CodeIgniter->runController(Object(App\Controllers\DirectorController))
#7 C:\xampp\htdocs\Examen324\Ejercicio5-7\system\CodeIgniter.php(355): CodeIgniter\CodeIgniter->handleRequest(NULL, Object(Config\Cache), false)
#8 C:\xampp\htdocs\Examen324\Ejercicio5-7\system\Boot.php(312): CodeIgniter\CodeIgniter->run()
#9 C:\xampp\htdocs\Examen324\Ejercicio5-7\system\Boot.php(67): CodeIgniter\Boot::runCodeIgniter(Object(CodeIgniter\CodeIgniter))
#10 C:\xampp\htdocs\Examen324\Ejercicio5-7\public\index.php(56): CodeIgniter\Boot::bootWeb(Object(Config\Paths))
#11 {main}
CRITICAL - 2024-04-25 01:33:57 --> CodeIgniter\Database\Exceptions\DatabaseException: Unknown column 'saldo' in 'field list'
[Method: GET, Route: director]
in SYSTEMPATH\Database\BaseConnection.php on line 676.
 1 SYSTEMPATH\Model.php(915): CodeIgniter\Database\BaseConnection->query('
        SELECT 
      sum(CASE when departamento= \'Potosi\' then saldo else 0 end)as Potosi,
      sum(CASE when departamento= \'La Paz\' then saldo else 0 end)as La_Paz,
      sum(CASE when departamento= \'Cochabamba\' then saldo else 0 end)as Cochabamba,
      sum(CASE when departamento= \'Oruro\' then saldo else 0 end)as Oruro,
      sum(CASE when departamento= \'Beni\' then saldo else 0 end)as Beni,
      sum(CASE when departamento= \'Tarija\' then saldo else 0 end)as Tarija,
      sum(CASE when departamento= \'Chuquisaca\' then saldo else 0 end)as Chuquisaca,
      sum(CASE when departamento= \'Santa Cruz\' then saldo else 0 end)as Santa_Cruz,
      sum(CASE when departamento= \'Pando\' then saldo else 0 end)as Pando
          
      FROM persona JOIN cuenta on persona.carnet = cuenta.carnet
        ')
 2 APPPATH\Controllers\DirectorController.php(20): CodeIgniter\Model->__call('query', [...])
 3 SYSTEMPATH\CodeIgniter.php(933): App\Controllers\DirectorController->index()
 4 SYSTEMPATH\CodeIgniter.php(509): CodeIgniter\CodeIgniter->runController(Object(App\Controllers\DirectorController))
 5 SYSTEMPATH\CodeIgniter.php(355): CodeIgniter\CodeIgniter->handleRequest(null, Object(Config\Cache), false)
 6 SYSTEMPATH\Boot.php(312): CodeIgniter\CodeIgniter->run()
 7 SYSTEMPATH\Boot.php(67): CodeIgniter\Boot::runCodeIgniter(Object(CodeIgniter\CodeIgniter))
 8 FCPATH\index.php(56): CodeIgniter\Boot::bootWeb(Object(Config\Paths))
CRITICAL - 2024-04-25 01:33:57 --> [Caused by] CodeIgniter\Database\Exceptions\DatabaseException: Unknown column 'saldo' in 'field list'
in SYSTEMPATH\Database\MySQLi\Connection.php on line 313.
 1 SYSTEMPATH\Database\BaseConnection.php(722): CodeIgniter\Database\MySQLi\Connection->execute('
        SELECT 
      sum(CASE when departamento= \'Potosi\' then saldo else 0 end)as Potosi,
      sum(CASE when departamento= \'La Paz\' then saldo else 0 end)as La_Paz,
      sum(CASE when departamento= \'Cochabamba\' then saldo else 0 end)as Cochabamba,
      sum(CASE when departamento= \'Oruro\' then saldo else 0 end)as Oruro,
      sum(CASE when departamento= \'Beni\' then saldo else 0 end)as Beni,
      sum(CASE when departamento= \'Tarija\' then saldo else 0 end)as Tarija,
      sum(CASE when departamento= \'Chuquisaca\' then saldo else 0 end)as Chuquisaca,
      sum(CASE when departamento= \'Santa Cruz\' then saldo else 0 end)as Santa_Cruz,
      sum(CASE when departamento= \'Pando\' then saldo else 0 end)as Pando
          
      FROM persona JOIN cuenta on persona.carnet = cuenta.carnet
        ')
 2 SYSTEMPATH\Database\BaseConnection.php(636): CodeIgniter\Database\BaseConnection->simpleQuery('
        SELECT 
      sum(CASE when departamento= \'Potosi\' then saldo else 0 end)as Potosi,
      sum(CASE when departamento= \'La Paz\' then saldo else 0 end)as La_Paz,
      sum(CASE when departamento= \'Cochabamba\' then saldo else 0 end)as Cochabamba,
      sum(CASE when departamento= \'Oruro\' then saldo else 0 end)as Oruro,
      sum(CASE when departamento= \'Beni\' then saldo else 0 end)as Beni,
      sum(CASE when departamento= \'Tarija\' then saldo else 0 end)as Tarija,
      sum(CASE when departamento= \'Chuquisaca\' then saldo else 0 end)as Chuquisaca,
      sum(CASE when departamento= \'Santa Cruz\' then saldo else 0 end)as Santa_Cruz,
      sum(CASE when departamento= \'Pando\' then saldo else 0 end)as Pando
          
      FROM persona JOIN cuenta on persona.carnet = cuenta.carnet
        ')
 3 SYSTEMPATH\Model.php(915): CodeIgniter\Database\BaseConnection->query('
        SELECT 
      sum(CASE when departamento= \'Potosi\' then saldo else 0 end)as Potosi,
      sum(CASE when departamento= \'La Paz\' then saldo else 0 end)as La_Paz,
      sum(CASE when departamento= \'Cochabamba\' then saldo else 0 end)as Cochabamba,
      sum(CASE when departamento= \'Oruro\' then saldo else 0 end)as Oruro,
      sum(CASE when departamento= \'Beni\' then saldo else 0 end)as Beni,
      sum(CASE when departamento= \'Tarija\' then saldo else 0 end)as Tarija,
      sum(CASE when departamento= \'Chuquisaca\' then saldo else 0 end)as Chuquisaca,
      sum(CASE when departamento= \'Santa Cruz\' then saldo else 0 end)as Santa_Cruz,
      sum(CASE when departamento= \'Pando\' then saldo else 0 end)as Pando
          
      FROM persona JOIN cuenta on persona.carnet = cuenta.carnet
        ')
 4 APPPATH\Controllers\DirectorController.php(20): CodeIgniter\Model->__call('query', [...])
 5 SYSTEMPATH\CodeIgniter.php(933): App\Controllers\DirectorController->index()
 6 SYSTEMPATH\CodeIgniter.php(509): CodeIgniter\CodeIgniter->runController(Object(App\Controllers\DirectorController))
 7 SYSTEMPATH\CodeIgniter.php(355): CodeIgniter\CodeIgniter->handleRequest(null, Object(Config\Cache), false)
 8 SYSTEMPATH\Boot.php(312): CodeIgniter\CodeIgniter->run()
 9 SYSTEMPATH\Boot.php(67): CodeIgniter\Boot::runCodeIgniter(Object(CodeIgniter\CodeIgniter))
10 FCPATH\index.php(56): CodeIgniter\Boot::bootWeb(Object(Config\Paths))
CRITICAL - 2024-04-25 01:33:57 --> [Caused by] mysqli_sql_exception: Unknown column 'saldo' in 'field list'
in SYSTEMPATH\Database\MySQLi\Connection.php on line 308.
 1 SYSTEMPATH\Database\MySQLi\Connection.php(308): mysqli->query('
        SELECT 
      sum(CASE when departamento= \'Potosi\' then saldo else 0 end)as Potosi,
      sum(CASE when departamento= \'La Paz\' then saldo else 0 end)as La_Paz,
      sum(CASE when departamento= \'Cochabamba\' then saldo else 0 end)as Cochabamba,
      sum(CASE when departamento= \'Oruro\' then saldo else 0 end)as Oruro,
      sum(CASE when departamento= \'Beni\' then saldo else 0 end)as Beni,
      sum(CASE when departamento= \'Tarija\' then saldo else 0 end)as Tarija,
      sum(CASE when departamento= \'Chuquisaca\' then saldo else 0 end)as Chuquisaca,
      sum(CASE when departamento= \'Santa Cruz\' then saldo else 0 end)as Santa_Cruz,
      sum(CASE when departamento= \'Pando\' then saldo else 0 end)as Pando
          
      FROM persona JOIN cuenta on persona.carnet = cuenta.carnet
        ', 0)
 2 SYSTEMPATH\Database\BaseConnection.php(722): CodeIgniter\Database\MySQLi\Connection->execute('
        SELECT 
      sum(CASE when departamento= \'Potosi\' then saldo else 0 end)as Potosi,
      sum(CASE when departamento= \'La Paz\' then saldo else 0 end)as La_Paz,
      sum(CASE when departamento= \'Cochabamba\' then saldo else 0 end)as Cochabamba,
      sum(CASE when departamento= \'Oruro\' then saldo else 0 end)as Oruro,
      sum(CASE when departamento= \'Beni\' then saldo else 0 end)as Beni,
      sum(CASE when departamento= \'Tarija\' then saldo else 0 end)as Tarija,
      sum(CASE when departamento= \'Chuquisaca\' then saldo else 0 end)as Chuquisaca,
      sum(CASE when departamento= \'Santa Cruz\' then saldo else 0 end)as Santa_Cruz,
      sum(CASE when departamento= \'Pando\' then saldo else 0 end)as Pando
          
      FROM persona JOIN cuenta on persona.carnet = cuenta.carnet
        ')
 3 SYSTEMPATH\Database\BaseConnection.php(636): CodeIgniter\Database\BaseConnection->simpleQuery('
        SELECT 
      sum(CASE when departamento= \'Potosi\' then saldo else 0 end)as Potosi,
      sum(CASE when departamento= \'La Paz\' then saldo else 0 end)as La_Paz,
      sum(CASE when departamento= \'Cochabamba\' then saldo else 0 end)as Cochabamba,
      sum(CASE when departamento= \'Oruro\' then saldo else 0 end)as Oruro,
      sum(CASE when departamento= \'Beni\' then saldo else 0 end)as Beni,
      sum(CASE when departamento= \'Tarija\' then saldo else 0 end)as Tarija,
      sum(CASE when departamento= \'Chuquisaca\' then saldo else 0 end)as Chuquisaca,
      sum(CASE when departamento= \'Santa Cruz\' then saldo else 0 end)as Santa_Cruz,
      sum(CASE when departamento= \'Pando\' then saldo else 0 end)as Pando
          
      FROM persona JOIN cuenta on persona.carnet = cuenta.carnet
        ')
 4 SYSTEMPATH\Model.php(915): CodeIgniter\Database\BaseConnection->query('
        SELECT 
      sum(CASE when departamento= \'Potosi\' then saldo else 0 end)as Potosi,
      sum(CASE when departamento= \'La Paz\' then saldo else 0 end)as La_Paz,
      sum(CASE when departamento= \'Cochabamba\' then saldo else 0 end)as Cochabamba,
      sum(CASE when departamento= \'Oruro\' then saldo else 0 end)as Oruro,
      sum(CASE when departamento= \'Beni\' then saldo else 0 end)as Beni,
      sum(CASE when departamento= \'Tarija\' then saldo else 0 end)as Tarija,
      sum(CASE when departamento= \'Chuquisaca\' then saldo else 0 end)as Chuquisaca,
      sum(CASE when departamento= \'Santa Cruz\' then saldo else 0 end)as Santa_Cruz,
      sum(CASE when departamento= \'Pando\' then saldo else 0 end)as Pando
          
      FROM persona JOIN cuenta on persona.carnet = cuenta.carnet
        ')
 5 APPPATH\Controllers\DirectorController.php(20): CodeIgniter\Model->__call('query', [...])
 6 SYSTEMPATH\CodeIgniter.php(933): App\Controllers\DirectorController->index()
 7 SYSTEMPATH\CodeIgniter.php(509): CodeIgniter\CodeIgniter->runController(Object(App\Controllers\DirectorController))
 8 SYSTEMPATH\CodeIgniter.php(355): CodeIgniter\CodeIgniter->handleRequest(null, Object(Config\Cache), false)
 9 SYSTEMPATH\Boot.php(312): CodeIgniter\CodeIgniter->run()
10 SYSTEMPATH\Boot.php(67): CodeIgniter\Boot::runCodeIgniter(Object(CodeIgniter\CodeIgniter))
11 FCPATH\index.php(56): CodeIgniter\Boot::bootWeb(Object(Config\Paths))
CRITICAL - 2024-04-25 01:35:53 --> ErrorException: Undefined array key "ap_paterno"
[Method: GET, Route: director]
in APPPATH\Views\Director_view.php on line 19.
 1 APPPATH\Views\Director_view.php(19): CodeIgniter\Debug\Exceptions->errorHandler(2, 'Undefined array key "ap_paterno"', 'C:\\xampp\\htdocs\\Examen324\\Ejercicio5-7\\app\\Views\\Director_view.php', 19)
 2 SYSTEMPATH\View\View.php(234): include('C:\\xampp\\htdocs\\Examen324\\Ejercicio5-7\\app\\Views\\Director_view.php')
 3 SYSTEMPATH\View\View.php(237): CodeIgniter\View\View->CodeIgniter\View\{closure}()
 4 SYSTEMPATH\Common.php(1171): CodeIgniter\View\View->render('Director_view', [], true)
 5 APPPATH\Controllers\DirectorController.php(36): view('Director_view', [...])
 6 SYSTEMPATH\CodeIgniter.php(933): App\Controllers\DirectorController->index()
 7 SYSTEMPATH\CodeIgniter.php(509): CodeIgniter\CodeIgniter->runController(Object(App\Controllers\DirectorController))
 8 SYSTEMPATH\CodeIgniter.php(355): CodeIgniter\CodeIgniter->handleRequest(null, Object(Config\Cache), false)
 9 SYSTEMPATH\Boot.php(312): CodeIgniter\CodeIgniter->run()
10 SYSTEMPATH\Boot.php(67): CodeIgniter\Boot::runCodeIgniter(Object(CodeIgniter\CodeIgniter))
11 FCPATH\index.php(56): CodeIgniter\Boot::bootWeb(Object(Config\Paths))
